<?xml version="1.0" encoding="UTF-8"?>
<!-- Generated by org.testng.reporters.JUnitXMLReporter -->
<testsuite ignored="0" hostname="LAPTOP-JTFM78MM" failures="1" tests="1" name="Surefire test" time="7.326" errors="0" timestamp="2025-04-06T22:31:08 IST">
  <testcase classname="io.cucumber.testng.AbstractTestNGCucumberTests" name="runScenario" time="5.861">
    <failure type="java.lang.NullPointerException" message="Cannot invoke &amp;quot;pageObjects.LandingPage.incrementQuantity(int)&amp;quot; because &amp;quot;this.landingPage&amp;quot; is null">
      <![CDATA[java.lang.NullPointerException: Cannot invoke "pageObjects.LandingPage.incrementQuantity(int)" because "this.landingPage" is null
at stepDefinitions.CheckoutPageStepDefinition.Added_items_product(CheckoutPageStepDefinition.java:52)
at ✽.Added "3" items of the selected product to cart(file:///C:/Users/Sneha%20Mahesh/Documents/Varsha/eclipse/CucumberFramework/src/test/java/features/Checkout.feature:7)
]]>
    </failure>
  </testcase> <!-- runScenario -->
</testsuite> <!-- Surefire test -->
