<?xml version="1.0" encoding="UTF-8"?>
<!-- Generated by org.testng.reporters.JUnitReportReporter -->
<testsuite hostname="LAPTOP-JTFM78MM" failures="0" tests="1" name="cucumberOptions.TestNGRunner" time="5.861" errors="1" timestamp="2025-04-06T22:31:09 IST" skipped="0">
  <testcase classname="cucumberOptions.TestNGRunner" name="runScenario" time="5.861">
    <error message="Cannot invoke &quot;pageObjects.LandingPage.incrementQuantity(int)&quot; because &quot;this.landingPage&quot; is null" type="java.lang.NullPointerException">
      <![CDATA[java.lang.NullPointerException: Cannot invoke "pageObjects.LandingPage.incrementQuantity(int)" because "this.landingPage" is null
at stepDefinitions.CheckoutPageStepDefinition.Added_items_product(CheckoutPageStepDefinition.java:52)
at ✽.Added "3" items of the selected product to cart(file:///C:/Users/Sneha%20Mahesh/Documents/Varsha/eclipse/CucumberFramework/src/test/java/features/Checkout.feature:7)
]]>
    </error>
  </testcase> <!-- runScenario -->
</testsuite> <!-- cucumberOptions.TestNGRunner -->
